<?xml version="1.0" encoding="UTF-8"?>
<testng-results skipped="0" failed="0" ignored="0" total="1" passed="1">
  <reporter-output>
  </reporter-output>
  <suite name="Suite" duration-ms="22498" started-at="2019-08-28T06:50:24Z" finished-at="2019-08-28T06:50:46Z">
    <groups>
    </groups>
    <test name="Test" duration-ms="22498" started-at="2019-08-28T06:50:24Z" finished-at="2019-08-28T06:50:46Z">
      <class name="demo.Testdemo">
        <test-method status="PASS" signature="testOne()[pri:0, instance:demo.Testdemo@1324409e]" name="testOne" duration-ms="22469" started-at="2019-08-28T06:50:24Z" finished-at="2019-08-28T06:50:46Z">
          <reporter-output>
          </reporter-output>
        </test-method> <!-- testOne -->
      </class> <!-- demo.Testdemo -->
    </test> <!-- Test -->
  </suite> <!-- Suite -->
</testng-results>
