<?xml version="1.0" encoding="UTF-8"?>
<testng-results skipped="0" failed="0" total="1" passed="1">
  <reporter-output>
    <line>
      <![CDATA[Selenium - Web Browser Automation]]>
    </line>
  </reporter-output>
  <suite name="Default suite" duration-ms="18720" started-at="2019-08-28T07:52:17Z" finished-at="2019-08-28T07:52:36Z">
    <groups>
    </groups>
    <test name="Default test" duration-ms="18720" started-at="2019-08-28T07:52:17Z" finished-at="2019-08-28T07:52:36Z">
      <class name="demo.IntigtaringWitListner">
        <test-method status="PASS" signature="Demo1()[pri:0, instance:demo.IntigtaringWitListner@2b98378d]" name="Demo1" duration-ms="17774" started-at="2019-08-28T13:22:18Z" finished-at="2019-08-28T13:22:36Z">
          <reporter-output>
            <line>
              <![CDATA[Selenium - Web Browser Automation]]>
            </line>
          </reporter-output>
        </test-method> <!-- Demo1 -->
      </class> <!-- demo.IntigtaringWitListner -->
    </test> <!-- Default test -->
  </suite> <!-- Default suite -->
</testng-results>
